<?xml version="1.0" encoding="utf-8"?><testsuites name="pytest tests"><testsuite name="pytest" errors="0" failures="0" skipped="0" tests="7" time="0.761" timestamp="2026-05-11T00:05:07.831860+00:00" hostname="agent-env-5e46b70c-946c-414a-9173-0263c18bc294"><testcase classname="backend.tests.test_contact_api" name="test_api_root" time="0.189" /><testcase classname="backend.tests.test_contact_api.TestContactCreate" name="test_create_contact_message_success" time="0.123" /><testcase classname="backend.tests.test_contact_api.TestContactCreate" name="test_create_contact_invalid_email" time="0.056" /><testcase classname="backend.tests.test_contact_api.TestContactCreate" name="test_create_contact_empty_message" time="0.050" /><testcase classname="backend.tests.test_contact_api.TestContactCreate" name="test_create_contact_missing_email" time="0.072" /><testcase classname="backend.tests.test_contact_api.TestContactCreate" name="test_create_contact_optional_name" time="0.049" /><testcase classname="backend.tests.test_contact_api.TestContactList" name="test_list_contact_messages" time="0.050" /></testsuite></testsuites>